Debug on, Displaying: Symbols, GPRs, TRAM, Instructions, 
symbol: C_0              0x040 Type: Equate
symbol: C_1              0x041 Type: Equate
symbol: C_2              0x042 Type: Equate
symbol: C_3              0x043 Type: Equate
symbol: C_4              0x044 Type: Equate
symbol: C_8              0x045 Type: Equate
symbol: C_16             0x046 Type: Equate
symbol: C_32             0x047 Type: Equate
symbol: C_256            0x048 Type: Equate
symbol: C_65536          0x049 Type: Equate
symbol: C_2^23           0x04a Type: Equate
symbol: C_2^28           0x04b Type: Equate
symbol: C_2^29           0x04c Type: Equate
symbol: C_2^30           0x04d Type: Equate
symbol: C_nmax           0x04e Type: Equate
symbol: C_max            0x04f Type: Equate
symbol: C_n1             0x050 Type: Equate
symbol: C_n2             0x051 Type: Equate
symbol: C_n2^30          0x052 Type: Equate
symbol: C_LSshift        0x055 Type: Equate
symbol: ZERO             0x040 Type: Equate
symbol: ONE              0x041 Type: Equate
symbol: ACCUM            0x056 Type: Equate
symbol: CCR              0x057 Type: Equate
symbol: NOISE1           0x058 Type: Equate
symbol: NOISE2           0x059 Type: Equate
symbol: IRQ              0x05a Type: Equate
symbol: DBAC             0x05b Type: Equate
Patch name:"delay"
GPR:    level            0x100 Value=0x3fffffff, Type: Control
GPR:    feedback         0x101 Value=0x26666666, Type: Control
GPR:    delay            0x102 Value=0x012c0000, Type: Control
GPR:    io               0x103 Value=0x00000000, Type: Input
GPR:    io.o             0x104 Value=0x00000000, Type: Output
symbol: dly              0x100 Type: Equate
Delay Line:  dly             , length: 0x05dc1 samples,
TRAM Access: write           , type: Write, using 0x300/0x200, offset:0x0000000, in segment: "dly"
TRAM Access: read            , type: Read,  using 0x301/0x201, offset:0x0002580, in segment: "dly"
0x000	ACC3(6)  	0x301,0x102,0x300,0x040
0x002	MACS(0)  	0x104,0x103,0x100,0x201
0x004	MACS(0)  	0x200,0x103,0x201,0x101
