Debug on, Displaying: Symbols, GPRs, TRAM, Instructions, 
symbol: C_0              0x040 Type: Equate
symbol: C_1              0x041 Type: Equate
symbol: C_2              0x042 Type: Equate
symbol: C_3              0x043 Type: Equate
symbol: C_4              0x044 Type: Equate
symbol: C_8              0x045 Type: Equate
symbol: C_16             0x046 Type: Equate
symbol: C_32             0x047 Type: Equate
symbol: C_256            0x048 Type: Equate
symbol: C_65536          0x049 Type: Equate
symbol: C_2^23           0x04a Type: Equate
symbol: C_2^28           0x04b Type: Equate
symbol: C_2^29           0x04c Type: Equate
symbol: C_2^30           0x04d Type: Equate
symbol: C_nmax           0x04e Type: Equate
symbol: C_max            0x04f Type: Equate
symbol: C_n1             0x050 Type: Equate
symbol: C_n2             0x051 Type: Equate
symbol: C_n2^30          0x052 Type: Equate
symbol: C_LSshift        0x055 Type: Equate
symbol: ZERO             0x040 Type: Equate
symbol: ONE              0x041 Type: Equate
symbol: ACCUM            0x056 Type: Equate
symbol: CCR              0x057 Type: Equate
symbol: NOISE1           0x058 Type: Equate
symbol: NOISE2           0x059 Type: Equate
symbol: IRQ              0x05a Type: Equate
symbol: DBAC             0x05b Type: Equate
Patch name:"flanger"
GPR:    in               0x100 Value=0x00000000, Type: Input
GPR:    in.o             0x101 Value=0x00000000, Type: Output
symbol: out              0x100 Type: Equate
GPR:    speed            0x102 Value=0x0000a7c5, Type: Control
GPR:    delay            0x103 Value=0x000a8000, Type: Control
GPR:    width            0x104 Value=0x2a3d70a3, Type: Control
GPR:    forward          0x105 Value=0x7fffffff, Type: Control
GPR:    feedback         0x106 Value=0x26666666, Type: Control
GPR:    sinx             0x107 Value=0x00000000, Type: Static
GPR:    cosx             0x108 Value=0x3fffffff, Type: Static
GPR:    tmp              0x109 Value=0x00000000, Type: Dynamic
GPR:    tmp2             0x10a Value=0x00000000, Type: Dynamic
symbol: dly              0x100 Type: Equate
Delay Line:  dly             , length: 0x003c1 samples,
TRAM Access: write           , type: Write, using 0x300/0x200, offset:0x0000000, in segment: "dly"
TRAM Access: ready           , type: Read,  using 0x301/0x201, offset:0x0000000, in segment: "dly"
TRAM Access: reada           , type: Read,  using 0x302/0x202, offset:0x0000000, in segment: "dly"
0x000	MACS(0)  	0x107,0x107,0x102,0x108
0x002	MACS1(1)  	0x108,0x108,0x102,0x107
0x004	MACS(0)  	0x109,0x04d,0x107,0x104
0x006	MACS(0)  	0x301,0x300,0x103,0x109
0x008	MACINTS(4)  	0x302,0x301,0x045,0x048
0x00a	MACINTS(4)  	0x109,0x040,0x302,0x055
0x00c	INTERP(14)  	0x10a,0x201,0x109,0x202
0x00e	MACS(0)  	0x101,0x100,0x10a,0x105
0x010	MACS(0)  	0x200,0x100,0x10a,0x106
